This is pdfTeX, Version 3.14159265-2.6-1.40.20 (TeX Live 2019/Debian) (preloaded format=latex 2022.7.20)  23 SEP 2022 12:29
entering extended mode
 restricted \write18 enabled.
 %&-line parsing enabled.
**szakdolgozat.tex
(./szakdolgozat.tex
LaTeX2e <2020-02-02> patch level 2
L3 programming layer <2020-02-14>
(/usr/share/texlive/texmf-dist/tex/latex/base/report.cls
Document Class: report 2019/12/20 v1.4l Standard LaTeX document class
(/usr/share/texlive/texmf-dist/tex/latex/base/size12.clo
File: size12.clo 2019/12/20 v1.4l Standard LaTeX file (size option)
)
\c@part=\count167
\c@chapter=\count168
\c@section=\count169
\c@subsection=\count170
\c@subsubsection=\count171
\c@paragraph=\count172
\c@subparagraph=\count173
\c@figure=\count174
\c@table=\count175
\abovecaptionskip=\skip47
\belowcaptionskip=\skip48
\bibindent=\dimen134
)
(/usr/share/texlive/texmf-dist/tex/latex/base/inputenc.sty
Package: inputenc 2018/08/11 v1.3c Input encoding file
\inpenc@prehook=\toks14
\inpenc@posthook=\toks15
)
(/usr/share/texlive/texmf-dist/tex/latex/base/fontenc.sty
Package: fontenc 2020/02/11 v2.0o Standard LaTeX package
)
(/usr/share/texlive/texmf-dist/tex/generic/babel/babel.sty
Package: babel 2020/02/14 3.40 The Babel package

(/usr/share/texlive/texmf-dist/tex/generic/babel/switch.def
File: switch.def 2020/02/14 3.40 Babel switching mechanism
) (./magyar.ldf
Language: magyar 2019/01/14 v1.5c Magyar (Hungarian) support for babel

(/usr/share/texlive/texmf-dist/tex/generic/babel/babel.def
File: babel.def 2020/02/14 3.40 Babel common definitions
\babel@savecnt=\count176
\U@D=\dimen135

(/usr/share/texlive/texmf-dist/tex/generic/babel/txtbabel.def)
\bbl@readstream=\read2
\bbl@dirlevel=\count177
)
\c@enumv=\count178
Package babel Info: Making ; an active character on input line 2791.
Package babel Info: Making ! an active character on input line 2793.
Package babel Info: Making ? an active character on input line 2799.
Package babel Info: Making : an active character on input line 2801.
Package babel Info: Making ` an active character on input line 2819.
\c@footnote@add=\count179
\c@footnote@ch=\count180
))
(/usr/share/texlive/texmf-dist/tex/latex/psnfss/times.sty
Package: times 2005/04/12 PSNFSS-v9.2a (SPQR) 
)
(/usr/share/texlive/texmf-dist/tex/latex/amsmath/amsmath.sty
Package: amsmath 2020/01/20 v2.17e AMS math features
\@mathmargin=\skip49

For additional information on amsmath, use the `?' option.
(/usr/share/texlive/texmf-dist/tex/latex/amsmath/amstext.sty
Package: amstext 2000/06/29 v2.01 AMS text

(/usr/share/texlive/texmf-dist/tex/latex/amsmath/amsgen.sty
File: amsgen.sty 1999/11/30 v2.0 generic functions
\@emptytoks=\toks16
\ex@=\dimen136
))
(/usr/share/texlive/texmf-dist/tex/latex/amsmath/amsbsy.sty
Package: amsbsy 1999/11/29 v1.2d Bold Symbols
\pmbraise@=\dimen137
)
(/usr/share/texlive/texmf-dist/tex/latex/amsmath/amsopn.sty
Package: amsopn 2016/03/08 v2.02 operator names
)
\inf@bad=\count181
LaTeX Info: Redefining \frac on input line 227.
\uproot@=\count182
\leftroot@=\count183
LaTeX Info: Redefining \overline on input line 389.
\classnum@=\count184
\DOTSCASE@=\count185
LaTeX Info: Redefining \ldots on input line 486.
LaTeX Info: Redefining \dots on input line 489.
LaTeX Info: Redefining \cdots on input line 610.
\Mathstrutbox@=\box45
\strutbox@=\box46
\big@size=\dimen138
LaTeX Font Info:    Redeclaring font encoding OML on input line 733.
LaTeX Font Info:    Redeclaring font encoding OMS on input line 734.
\macc@depth=\count186
\c@MaxMatrixCols=\count187
\dotsspace@=\muskip16
\c@parentequation=\count188
\dspbrk@lvl=\count189
\tag@help=\toks17
\row@=\count190
\column@=\count191
\maxfields@=\count192
\andhelp@=\toks18
\eqnshift@=\dimen139
\alignsep@=\dimen140
\tagshift@=\dimen141
\tagwidth@=\dimen142
\totwidth@=\dimen143
\lineht@=\dimen144
\@envbody=\toks19
\multlinegap=\skip50
\multlinetaggap=\skip51
\mathdisplay@stack=\toks20
LaTeX Info: Redefining \[ on input line 2859.
LaTeX Info: Redefining \] on input line 2860.
)
(/usr/share/texlive/texmf-dist/tex/latex/amsfonts/amssymb.sty
Package: amssymb 2013/01/14 v3.01 AMS font symbols

(/usr/share/texlive/texmf-dist/tex/latex/amsfonts/amsfonts.sty
Package: amsfonts 2013/01/14 v3.01 Basic AMSFonts support
\symAMSa=\mathgroup4
\symAMSb=\mathgroup5
LaTeX Font Info:    Redeclaring math symbol \hbar on input line 98.
LaTeX Font Info:    Overwriting math alphabet `\mathfrak' in version `bold'
(Font)                  U/euf/m/n --> U/euf/b/n on input line 106.
))
(/usr/share/texlive/texmf-dist/tex/latex/amscls/amsthm.sty
Package: amsthm 2017/10/31 v2.20.4
\thm@style=\toks21
\thm@bodyfont=\toks22
\thm@headfont=\toks23
\thm@notefont=\toks24
\thm@headpunct=\toks25
\thm@preskip=\skip52
\thm@postskip=\skip53
\thm@headsep=\skip54
\dth@everypar=\toks26
)
(/usr/share/texlive/texmf-dist/tex/latex/fancyhdr/fancyhdr.sty
Package: fancyhdr 2019/01/31 v3.10 Extensive control of page headers and footer
s
\f@nch@headwidth=\skip55
\f@nch@O@elh=\skip56
\f@nch@O@erh=\skip57
\f@nch@O@olh=\skip58
\f@nch@O@orh=\skip59
\f@nch@O@elf=\skip60
\f@nch@O@erf=\skip61
\f@nch@O@olf=\skip62
\f@nch@O@orf=\skip63
)
(/usr/share/texlive/texmf-dist/tex/latex/graphics/graphicx.sty
Package: graphicx 2019/11/30 v1.2a Enhanced LaTeX Graphics (DPC,SPQR)

(/usr/share/texlive/texmf-dist/tex/latex/graphics/keyval.sty
Package: keyval 2014/10/28 v1.15 key=value parser (DPC)
\KV@toks@=\toks27
)
(/usr/share/texlive/texmf-dist/tex/latex/graphics/graphics.sty
Package: graphics 2019/11/30 v1.4a Standard LaTeX Graphics (DPC,SPQR)

(/usr/share/texlive/texmf-dist/tex/latex/graphics/trig.sty
Package: trig 2016/01/03 v1.10 sin cos tan (DPC)
)
(/usr/share/texlive/texmf-dist/tex/latex/graphics-cfg/graphics.cfg
File: graphics.cfg 2016/06/04 v1.11 sample graphics configuration
)
Package graphics Info: Driver file: dvips.def on input line 105.

(/usr/share/texlive/texmf-dist/tex/latex/graphics-def/dvips.def
File: dvips.def 2017/06/20 v3.1d Graphics/color driver for dvips
))
\Gin@req@height=\dimen145
\Gin@req@width=\dimen146
)
(/usr/share/texlive/texmf-dist/tex/latex/psfrag/psfrag.sty
Package: psfrag 1998/04/11 v3.04 PSfrag (MCG)
\pfg@pcount=\count193
\pfg@scount=\count194
\pfg@temp=\write3
)
(/usr/share/texlive/texmf-dist/tex/latex/setspace/setspace.sty
Package: setspace 2011/12/19 v6.7a set line spacing
)
(/usr/share/texlive/texmf-dist/tex/latex/l3backend/l3backend-dvips.def
File: l3backend-dvips.def 2020-02-03 L3 backend support: dvips
\l__pdf_internal_box=\box47
\g__pdf_backend_object_int=\count195
\l__pdf_backend_content_box=\box48
\l__pdf_backend_model_box=\box49
\g__pdf_backend_annotation_int=\count196
\g__pdf_backend_link_int=\count197
\g__pdf_backend_link_sf_int=\count198
)
(./szakdolgozat.aux)
\openout1 = `szakdolgozat.aux'.

LaTeX Font Info:    Checking defaults for OML/cmm/m/it on input line 40.
LaTeX Font Info:    ... okay on input line 40.
LaTeX Font Info:    Checking defaults for OMS/cmsy/m/n on input line 40.
LaTeX Font Info:    ... okay on input line 40.
LaTeX Font Info:    Checking defaults for OT1/cmr/m/n on input line 40.
LaTeX Font Info:    ... okay on input line 40.
LaTeX Font Info:    Checking defaults for T1/cmr/m/n on input line 40.
LaTeX Font Info:    ... okay on input line 40.
LaTeX Font Info:    Checking defaults for TS1/cmr/m/n on input line 40.
LaTeX Font Info:    ... okay on input line 40.
LaTeX Font Info:    Checking defaults for OMX/cmex/m/n on input line 40.
LaTeX Font Info:    ... okay on input line 40.
LaTeX Font Info:    Checking defaults for U/cmr/m/n on input line 40.
LaTeX Font Info:    ... okay on input line 40.
LaTeX Font Info:    Trying to load font information for T1+ptm on input line 40
.
 (/usr/share/texlive/texmf-dist/tex/latex/psnfss/t1ptm.fd
File: t1ptm.fd 2001/06/04 font definitions for T1/ptm.
)
(/usr/share/texlive/texmf-dist/tex/latex/base/report.cls
LaTeX Info: Redefining \cal on input line 577.
LaTeX Info: Redefining \mit on input line 578.
) [1


]
LaTeX Font Info:    Trying to load font information for U+msa on input line 107
.

(/usr/share/texlive/texmf-dist/tex/latex/amsfonts/umsa.fd
File: umsa.fd 2013/01/14 v3.01 AMS symbols A
)
LaTeX Font Info:    Trying to load font information for U+msb on input line 107
.

(/usr/share/texlive/texmf-dist/tex/latex/amsfonts/umsb.fd
File: umsb.fd 2013/01/14 v3.01 AMS symbols B
) [2] [3

] [4

]
(./szakdolgozat.toc [5

])
\tf@toc=\write4
\openout4 = `szakdolgozat.toc'.

 [6]
1. fejezet.
[7

]

LaTeX Warning: File `topology.eps' not found on input line 180.


! LaTeX Error: File `topology.eps' not found.

See the LaTeX manual or LaTeX Companion for explanation.
Type  H <return>  for immediate help.
 ...                                              
                                                  
l.180 ...\includegraphics[scale=0.3]{topology.eps}
                                                  
? 

! LaTeX Error: Cannot determine size of graphic in topology.eps (no BoundingBox
).

See the LaTeX manual or LaTeX Companion for explanation.
Type  H <return>  for immediate help.
 ...                                              
                                                  
l.180 ...\includegraphics[scale=0.3]{topology.eps}
                                                  
? Å±
Type <return> to proceed, S to scroll future error messages,
R to run without stopping, Q to run quietly,
I to insert something, E to edit your file,
1 or ... or 9 to ignore the next 1 to 9 tokens of input,
H for help, X to quit.
? 
File: topology.eps Graphic file (type eps)
<topology.eps> [8]
2. fejezet.
[9

]
3. fejezet.

Underfull \hbox (badness 10000) in paragraph at lines 213--213
 [][]\T1/ptm/m/n/10 https:www.jetbrains.comlpdevecosystem-2021/#Main_what-are-y
our-primary-programming-
 []

[10

]
4. fejezet.
LaTeX Font Info:    Trying to load font information for TS1+ptm on input line 2
27.
(/usr/share/texlive/texmf-dist/tex/latex/psnfss/ts1ptm.fd
File: ts1ptm.fd 2001/06/04 font definitions for TS1/ptm.
) [11

] [12]
5. fejezet.
LaTeX Font Info:    Trying to load font information for T1+pcr on input line 28
3.
(/usr/share/texlive/texmf-dist/tex/latex/psnfss/t1pcr.fd
File: t1pcr.fd 2001/06/04 font definitions for T1/pcr.
) [13

] [14] [15]
[16] [17] [18]

LaTeX Warning: File `run.eps' not found on input line 488.


! LaTeX Error: File `run.eps' not found.

See the LaTeX manual or LaTeX Companion for explanation.
Type  H <return>  for immediate help.
 ...                                              
                                                  
l.488     \includegraphics[scale=0.45]{run.eps}
                                               
? 

! LaTeX Error: Cannot determine size of graphic in run.eps (no BoundingBox).

See the LaTeX manual or LaTeX Companion for explanation.
Type  H <return>  for immediate help.
 ...                                              
                                                  
l.488     \includegraphics[scale=0.45]{run.eps}
                                               
? 
File: run.eps Graphic file (type eps)
<run.eps> [19]

LaTeX Warning: File `replace.eps' not found on input line 517.


! LaTeX Error: File `replace.eps' not found.

See the LaTeX manual or LaTeX Companion for explanation.
Type  H <return>  for immediate help.
 ...                                              
                                                  
l.517 ...\includegraphics[scale=0.75]{replace.eps}
                                                  
? 

! LaTeX Error: Cannot determine size of graphic in replace.eps (no BoundingBox)
.

See the LaTeX manual or LaTeX Companion for explanation.
Type  H <return>  for immediate help.
 ...                                              
                                                  
l.517 ...\includegraphics[scale=0.75]{replace.eps}
                                                  
? 
File: replace.eps Graphic file (type eps)
<replace.eps> [20]

LaTeX Warning: File `log.eps' not found on input line 534.


! LaTeX Error: File `log.eps' not found.

See the LaTeX manual or LaTeX Companion for explanation.
Type  H <return>  for immediate help.
 ...                                              
                                                  
l.534     \includegraphics[scale=1]{log.eps}
                                            
? 

! LaTeX Error: Cannot determine size of graphic in log.eps (no BoundingBox).

See the LaTeX manual or LaTeX Companion for explanation.
Type  H <return>  for immediate help.
 ...                                              
                                                  
l.534     \includegraphics[scale=1]{log.eps}
                                            
? 
File: log.eps Graphic file (type eps)
<log.eps>
Overfull \hbox (12.40848pt too wide) in paragraph at lines 563--563
[]    \T1/pcr/m/n/12 sql = "INSERT INTO command_history(user_id, command, com)[
] 
 []

[21] [22] [23]
6. fejezet.

LaTeX Warning: File `table_schema.eps' not found on input line 603.


! LaTeX Error: File `table_schema.eps' not found.

See the LaTeX manual or LaTeX Companion for explanation.
Type  H <return>  for immediate help.
 ...                                              
                                                  
l.603 ...hics[scale=1, angle=90]{table_schema.eps}
                                                  
? 

! LaTeX Error: Cannot determine size of graphic in table_schema.eps (no Boundin
gBox).

See the LaTeX manual or LaTeX Companion for explanation.
Type  H <return>  for immediate help.
 ...                                              
                                                  
l.603 ...hics[scale=1, angle=90]{table_schema.eps}
                                                  
? 
File: table_schema.eps Graphic file (type eps)
<table_schema.eps> [24

]
7. fejezet.

LaTeX Warning: File `queues.eps' not found on input line 619.


! LaTeX Error: File `queues.eps' not found.

See the LaTeX manual or LaTeX Companion for explanation.
Type  H <return>  for immediate help.
 ...                                              
                                                  
l.619     \includegraphics[scale=0.3]{queues.eps}
                                                 
? 

! LaTeX Error: Cannot determine size of graphic in queues.eps (no BoundingBox).


See the LaTeX manual or LaTeX Companion for explanation.
Type  H <return>  for immediate help.
 ...                                              
                                                  
l.619     \includegraphics[scale=0.3]{queues.eps}
                                                 
? 
File: queues.eps Graphic file (type eps)
<queues.eps>
Overfull \hbox (20.23613pt too wide) in paragraph at lines 625--626
[]\T1/ptm/m/n/12 A pél-dá-nyo-sí-tás után a ve-zér-lés vissza-tér a Me-taCom-mu
-ni-ca-ti-on osz-tály user_connection()
 []


LaTeX Warning: File `threads.eps' not found on input line 629.


! LaTeX Error: File `threads.eps' not found.

See the LaTeX manual or LaTeX Companion for explanation.
Type  H <return>  for immediate help.
 ...                                              
                                                  
l.629     \includegraphics[scale=0.3]{threads.eps}
                                                  
? 

! LaTeX Error: Cannot determine size of graphic in threads.eps (no BoundingBox)
.

See the LaTeX manual or LaTeX Companion for explanation.
Type  H <return>  for immediate help.
 ...                                              
                                                  
l.629     \includegraphics[scale=0.3]{threads.eps}
                                                  
? 
File: threads.eps Graphic file (type eps)
<threads.eps> [25

] [26]
8. fejezet.
[27

] [28]
Underfull \hbox (badness 10000) in paragraph at lines 709--711
[]\T1/ptm/m/it/12 execute és fetch me-tó-du-sok hasz-ná-la-ta és pa-ra-mé-te-re
-ik
 []

[29

] [30

] [31

] (./szakdolgozat.aux) ) 
Here is how much of TeX's memory you used:
 4242 strings out of 482601
 60179 string characters out of 5949986
 310737 words of memory out of 5000000
 19240 multiletter control sequences out of 15000+600000
 568327 words of font info for 75 fonts, out of 8000000 for 9000
 350 hyphenation exceptions out of 8191
 30i,11n,47p,909b,493s stack positions out of 5000i,500n,10000p,200000b,80000s

Output written on szakdolgozat.dvi (31 pages, 58272 bytes).
